[2026-02-26T20:18:30.695Z] CREATE ROUTE HIT with body: {"name":"JC Venture","code":"JC VENTURE"}
[2026-02-26T20:18:48.894Z] EDIT ROUTE HIT for ID cf12f4e0-b88d-4635-b26c-4fe34ff1baa2 with body: {"name":"Samvriddhi","code":"SAMVRIDDHI","status":"true"}
[2026-02-26T20:19:13.255Z] CREATE ROUTE HIT with body: {"name":"TEST","code":"TEST"}
[2026-02-26T20:19:31.341Z] DELETE ROUTE HIT for ID c3c19bb3-eeed-4cfc-8a38-385fff93a499
[2026-02-28T10:26:41.906Z] DELETE ROUTE HIT for ID 260c2c04-a851-4dd4-bc41-a73aa274bc6e
[2026-02-28T11:41:07.170Z] CREATE ROUTE HIT with body: {"name":"Test","code":"TEST"}
[2026-02-28T11:41:11.365Z] DELETE ROUTE HIT for ID cb8d7c7e-5032-439c-86a5-4c105d0d290c
[2026-02-28T11:41:23.594Z] CREATE ROUTE HIT with body: {"name":"TEST","code":"TEST"}
[2026-02-28T11:41:30.997Z] EDIT ROUTE HIT for ID a8e9a1fa-2b0f-4638-b9ce-11a1e7f90564 with body: {"name":"TEST","code":"TEST2","status":"true"}
[2026-02-28T11:41:39.835Z] EDIT ROUTE HIT for ID a8e9a1fa-2b0f-4638-b9ce-11a1e7f90564 with body: {"name":"TEST 2","code":"TEST2","status":"true"}
[2026-02-28T11:41:44.951Z] DELETE ROUTE HIT for ID a8e9a1fa-2b0f-4638-b9ce-11a1e7f90564
[2026-03-02T05:49:06.458Z] EDIT ROUTE HIT for ID 64ba22a5-8d85-4b92-8ecf-6d05fba5dbcc with body: {"name":"JC Venture 1","code":"JC VENTURE","status":"true"}
[2026-03-02T05:49:20.684Z] EDIT ROUTE HIT for ID 64ba22a5-8d85-4b92-8ecf-6d05fba5dbcc with body: {"name":"JC Venture","code":"JC VENTURE","status":"true"}
[2026-03-02T05:49:35.028Z] CREATE ROUTE HIT with body: {"name":"BOBEO","code":"BOEBO"}
[2026-03-02T05:49:43.068Z] DEACTIVATE ROUTE HIT for ID 59810616-5ffe-4f97-9e69-3e078021bc2c
[2026-03-02T05:55:28.979Z] CREATE ROUTE HIT with body: {"name":"Test Entity","code":"TE1"}
[2026-03-02T05:56:07.373Z] EDIT ROUTE HIT for ID 59810616-5ffe-4f97-9e69-3e078021bc2c with body: {"name":"BOBEO","code":"BOEBO","status":"false"}
[2026-03-02T05:56:43.141Z] EDIT ROUTE HIT for ID 59810616-5ffe-4f97-9e69-3e078021bc2c with body: {"name":"BOBEO","code":"BOEBO","status":"true"}
[2026-03-02T05:57:56.158Z] CREATE ROUTE HIT with body: {"name":"Active Entity","code":"AE1"}
[2026-03-02T06:08:35.117Z] CREATE ROUTE HIT with body: {"name":"BOBEO Entity","code":"BOBEO"}
[2026-03-02T06:29:45.895Z] DEACTIVATE ROUTE HIT for ID 16f306e0-1b31-4f3e-93ac-66fbefa36c0a
[2026-03-02T06:30:03.638Z] DEACTIVATE ROUTE HIT for ID 59810616-5ffe-4f97-9e69-3e078021bc2c
[2026-03-02T06:35:17.527Z] DELETE ROUTE HIT for ID 16f306e0-1b31-4f3e-93ac-66fbefa36c0a
[2026-03-02T06:35:24.027Z] DELETE ROUTE HIT for ID 59810616-5ffe-4f97-9e69-3e078021bc2c
[2026-03-02T06:58:06.035Z] DELETE ROUTE HIT for ID 481ee700-07a4-4970-a6cb-3fd4e0e1bf0f
[2026-03-02T06:58:10.107Z] DELETE ROUTE HIT for ID 50a0fd8e-2ef0-4067-a7af-9ed85ba95131
[2026-03-02T07:32:48.820Z] DEACTIVATE ROUTE HIT for ID 64ba22a5-8d85-4b92-8ecf-6d05fba5dbcc
[2026-03-02T07:33:43.988Z] EDIT ROUTE HIT for ID 64ba22a5-8d85-4b92-8ecf-6d05fba5dbcc with body: {"name":"JC Venture","code":"JC VENTURE","status":"true"}
[2026-03-02T11:13:59.973Z] DEACTIVATE ROUTE HIT for ID 64ba22a5-8d85-4b92-8ecf-6d05fba5dbcc
[2026-03-02T11:14:06.015Z] EDIT ROUTE HIT for ID 64ba22a5-8d85-4b92-8ecf-6d05fba5dbcc with body: {"name":"JC Venture","code":"JC VENTURE","status":"true"}
